

Started GET "/" for 127.0.0.1 at 2014-08-03 06:29:04 +0100
Processing by Rails::WelcomeController#index as HTML
  Rendered /Users/joel/.rvm/gems/ruby-2.1.2/gems/railties-4.1.4/lib/rails/templates/rails/welcome/index.html.erb (1.4ms)
Completed 200 OK in 16ms (Views: 6.7ms | ActiveRecord: 0.0ms)


Started GET "/" for 77.100.43.55 at 2014-08-03 06:30:55 +0100
Processing by Rails::WelcomeController#index as HTML
  Rendered /Users/joel/.rvm/gems/ruby-2.1.2/gems/railties-4.1.4/lib/rails/templates/rails/welcome/index.html.erb (20.8ms)
Completed 200 OK in 35ms (Views: 27.0ms | ActiveRecord: 0.0ms)


Started GET "/" for 77.100.43.55 at 2014-08-03 06:57:33 +0100
Processing by Rails::WelcomeController#index as HTML
  Rendered /Users/joel/.rvm/gems/ruby-2.1.2/gems/railties-4.1.4/lib/rails/templates/rails/welcome/index.html.erb (0.1ms)
Completed 200 OK in 2ms (Views: 1.4ms | ActiveRecord: 0.0ms)


Started GET "/" for 77.100.43.55 at 2014-08-03 06:59:35 +0100
Processing by Rails::WelcomeController#index as HTML
  Rendered /Users/joel/.rvm/gems/ruby-2.1.2/gems/railties-4.1.4/lib/rails/templates/rails/welcome/index.html.erb (0.0ms)
Completed 200 OK in 1ms (Views: 0.7ms | ActiveRecord: 0.0ms)


Started GET "/" for 178.62.27.130 at 2014-08-03 07:02:45 +0100
Processing by Rails::WelcomeController#index as HTML
  Rendered /Users/joel/.rvm/gems/ruby-2.1.2/gems/railties-4.1.4/lib/rails/templates/rails/welcome/index.html.erb (0.0ms)
Completed 200 OK in 1ms (Views: 0.8ms | ActiveRecord: 0.0ms)


Started GET "/" for 178.62.27.130 at 2014-08-03 07:02:53 +0100
Processing by Rails::WelcomeController#index as HTML
  Rendered /Users/joel/.rvm/gems/ruby-2.1.2/gems/railties-4.1.4/lib/rails/templates/rails/welcome/index.html.erb (0.0ms)
Completed 200 OK in 1ms (Views: 0.7ms | ActiveRecord: 0.0ms)


Started GET "/" for 178.62.27.130 at 2014-08-03 07:02:54 +0100
Processing by Rails::WelcomeController#index as HTML
  Rendered /Users/joel/.rvm/gems/ruby-2.1.2/gems/railties-4.1.4/lib/rails/templates/rails/welcome/index.html.erb (0.0ms)
Completed 200 OK in 1ms (Views: 0.7ms | ActiveRecord: 0.0ms)


Started GET "/" for 178.62.27.130 at 2014-08-03 07:02:54 +0100
Processing by Rails::WelcomeController#index as HTML
  Rendered /Users/joel/.rvm/gems/ruby-2.1.2/gems/railties-4.1.4/lib/rails/templates/rails/welcome/index.html.erb (0.1ms)
Completed 200 OK in 1ms (Views: 0.9ms | ActiveRecord: 0.0ms)


Started GET "/" for 178.62.27.130 at 2014-08-03 07:04:39 +0100
Processing by Rails::WelcomeController#index as HTML
  Rendered /Users/joel/.rvm/gems/ruby-2.1.2/gems/railties-4.1.4/lib/rails/templates/rails/welcome/index.html.erb (0.0ms)
Completed 200 OK in 1ms (Views: 0.9ms | ActiveRecord: 0.0ms)


Started GET "/" for 178.62.27.130 at 2014-08-03 07:04:39 +0100
Processing by Rails::WelcomeController#index as HTML
  Rendered /Users/joel/.rvm/gems/ruby-2.1.2/gems/railties-4.1.4/lib/rails/templates/rails/welcome/index.html.erb (0.0ms)
Completed 200 OK in 1ms (Views: 0.7ms | ActiveRecord: 0.0ms)


Started GET "/" for 178.62.27.130 at 2014-08-03 07:04:40 +0100
Processing by Rails::WelcomeController#index as HTML
  Rendered /Users/joel/.rvm/gems/ruby-2.1.2/gems/railties-4.1.4/lib/rails/templates/rails/welcome/index.html.erb (0.1ms)
Completed 200 OK in 1ms (Views: 0.9ms | ActiveRecord: 0.0ms)


Started GET "/" for 178.62.27.130 at 2014-08-03 07:04:41 +0100
Processing by Rails::WelcomeController#index as HTML
  Rendered /Users/joel/.rvm/gems/ruby-2.1.2/gems/railties-4.1.4/lib/rails/templates/rails/welcome/index.html.erb (0.0ms)
Completed 200 OK in 1ms (Views: 0.8ms | ActiveRecord: 0.0ms)


Started GET "/" for 178.62.27.130 at 2014-08-03 07:04:41 +0100
Processing by Rails::WelcomeController#index as HTML
  Rendered /Users/joel/.rvm/gems/ruby-2.1.2/gems/railties-4.1.4/lib/rails/templates/rails/welcome/index.html.erb (0.0ms)
Completed 200 OK in 1ms (Views: 0.7ms | ActiveRecord: 0.0ms)


Started GET "/" for 178.62.27.130 at 2014-08-03 07:04:41 +0100
Processing by Rails::WelcomeController#index as HTML
  Rendered /Users/joel/.rvm/gems/ruby-2.1.2/gems/railties-4.1.4/lib/rails/templates/rails/welcome/index.html.erb (0.0ms)
Completed 200 OK in 1ms (Views: 0.7ms | ActiveRecord: 0.0ms)


Started GET "/" for 178.62.27.130 at 2014-08-03 07:04:42 +0100
Processing by Rails::WelcomeController#index as HTML
  Rendered /Users/joel/.rvm/gems/ruby-2.1.2/gems/railties-4.1.4/lib/rails/templates/rails/welcome/index.html.erb (0.0ms)
Completed 200 OK in 1ms (Views: 0.7ms | ActiveRecord: 0.0ms)


Started GET "/" for 178.62.27.130 at 2014-08-03 07:04:42 +0100
Processing by Rails::WelcomeController#index as HTML
  Rendered /Users/joel/.rvm/gems/ruby-2.1.2/gems/railties-4.1.4/lib/rails/templates/rails/welcome/index.html.erb (0.0ms)
Completed 200 OK in 1ms (Views: 0.7ms | ActiveRecord: 0.0ms)


Started GET "/" for 178.62.27.130 at 2014-08-03 07:04:43 +0100
Processing by Rails::WelcomeController#index as HTML
  Rendered /Users/joel/.rvm/gems/ruby-2.1.2/gems/railties-4.1.4/lib/rails/templates/rails/welcome/index.html.erb (0.0ms)
Completed 200 OK in 1ms (Views: 0.8ms | ActiveRecord: 0.0ms)


Started GET "/" for 178.62.27.130 at 2014-08-03 07:04:43 +0100
Processing by Rails::WelcomeController#index as HTML
  Rendered /Users/joel/.rvm/gems/ruby-2.1.2/gems/railties-4.1.4/lib/rails/templates/rails/welcome/index.html.erb (0.1ms)
Completed 200 OK in 1ms (Views: 0.8ms | ActiveRecord: 0.0ms)


Started GET "/" for 178.62.27.130 at 2014-08-03 07:04:43 +0100
Processing by Rails::WelcomeController#index as HTML
  Rendered /Users/joel/.rvm/gems/ruby-2.1.2/gems/railties-4.1.4/lib/rails/templates/rails/welcome/index.html.erb (0.0ms)
Completed 200 OK in 1ms (Views: 0.7ms | ActiveRecord: 0.0ms)


Started GET "/" for 178.62.27.130 at 2014-08-03 07:04:44 +0100
Processing by Rails::WelcomeController#index as HTML
  Rendered /Users/joel/.rvm/gems/ruby-2.1.2/gems/railties-4.1.4/lib/rails/templates/rails/welcome/index.html.erb (0.1ms)
Completed 200 OK in 1ms (Views: 0.8ms | ActiveRecord: 0.0ms)


Started GET "/" for 178.62.27.130 at 2014-08-03 07:04:44 +0100
Processing by Rails::WelcomeController#index as HTML
  Rendered /Users/joel/.rvm/gems/ruby-2.1.2/gems/railties-4.1.4/lib/rails/templates/rails/welcome/index.html.erb (0.0ms)
Completed 200 OK in 1ms (Views: 0.7ms | ActiveRecord: 0.0ms)


Started GET "/" for 178.62.27.130 at 2014-08-03 07:04:45 +0100
Processing by Rails::WelcomeController#index as HTML
  Rendered /Users/joel/.rvm/gems/ruby-2.1.2/gems/railties-4.1.4/lib/rails/templates/rails/welcome/index.html.erb (0.1ms)
Completed 200 OK in 1ms (Views: 0.7ms | ActiveRecord: 0.0ms)


Started GET "/" for 178.62.27.130 at 2014-08-03 07:04:45 +0100
Processing by Rails::WelcomeController#index as HTML
  Rendered /Users/joel/.rvm/gems/ruby-2.1.2/gems/railties-4.1.4/lib/rails/templates/rails/welcome/index.html.erb (0.1ms)
Completed 200 OK in 1ms (Views: 1.0ms | ActiveRecord: 0.0ms)


Started GET "/" for 178.62.27.130 at 2014-08-03 07:04:46 +0100
Processing by Rails::WelcomeController#index as HTML
  Rendered /Users/joel/.rvm/gems/ruby-2.1.2/gems/railties-4.1.4/lib/rails/templates/rails/welcome/index.html.erb (0.1ms)
Completed 200 OK in 1ms (Views: 0.9ms | ActiveRecord: 0.0ms)


Started GET "/" for 178.62.27.130 at 2014-08-03 07:08:03 +0100
Processing by Rails::WelcomeController#index as HTML
  Rendered /Users/joel/.rvm/gems/ruby-2.1.2/gems/railties-4.1.4/lib/rails/templates/rails/welcome/index.html.erb (0.1ms)
Completed 200 OK in 1ms (Views: 1.0ms | ActiveRecord: 0.0ms)


Started GET "/" for 178.62.27.130 at 2014-08-03 07:08:04 +0100
Processing by Rails::WelcomeController#index as HTML
  Rendered /Users/joel/.rvm/gems/ruby-2.1.2/gems/railties-4.1.4/lib/rails/templates/rails/welcome/index.html.erb (0.0ms)
Completed 200 OK in 1ms (Views: 0.8ms | ActiveRecord: 0.0ms)


Started GET "/" for 178.62.27.130 at 2014-08-03 07:08:05 +0100
Processing by Rails::WelcomeController#index as HTML
  Rendered /Users/joel/.rvm/gems/ruby-2.1.2/gems/railties-4.1.4/lib/rails/templates/rails/welcome/index.html.erb (0.1ms)
Completed 200 OK in 1ms (Views: 0.9ms | ActiveRecord: 0.0ms)


Started GET "/" for 178.62.27.130 at 2014-08-03 07:08:06 +0100
Processing by Rails::WelcomeController#index as HTML
  Rendered /Users/joel/.rvm/gems/ruby-2.1.2/gems/railties-4.1.4/lib/rails/templates/rails/welcome/index.html.erb (0.1ms)
Completed 200 OK in 1ms (Views: 1.0ms | ActiveRecord: 0.0ms)


Started GET "/" for 178.62.27.130 at 2014-08-03 07:08:06 +0100
Processing by Rails::WelcomeController#index as HTML
  Rendered /Users/joel/.rvm/gems/ruby-2.1.2/gems/railties-4.1.4/lib/rails/templates/rails/welcome/index.html.erb (0.1ms)
Completed 200 OK in 1ms (Views: 0.9ms | ActiveRecord: 0.0ms)


Started GET "/" for 178.62.27.130 at 2014-08-03 07:08:11 +0100
Processing by Rails::WelcomeController#index as HTML
  Rendered /Users/joel/.rvm/gems/ruby-2.1.2/gems/railties-4.1.4/lib/rails/templates/rails/welcome/index.html.erb (0.1ms)
Completed 200 OK in 1ms (Views: 0.8ms | ActiveRecord: 0.0ms)


Started GET "/" for 178.62.27.130 at 2014-08-03 07:08:13 +0100
Processing by Rails::WelcomeController#index as HTML
  Rendered /Users/joel/.rvm/gems/ruby-2.1.2/gems/railties-4.1.4/lib/rails/templates/rails/welcome/index.html.erb (0.1ms)
Completed 200 OK in 1ms (Views: 1.0ms | ActiveRecord: 0.0ms)


Started GET "/" for 178.62.27.130 at 2014-08-03 07:09:48 +0100
Processing by Rails::WelcomeController#index as HTML
  Rendered /Users/joel/.rvm/gems/ruby-2.1.2/gems/railties-4.1.4/lib/rails/templates/rails/welcome/index.html.erb (1.6ms)
Completed 200 OK in 14ms (Views: 6.7ms | ActiveRecord: 0.0ms)


Started GET "/" for 178.62.27.130 at 2014-08-03 07:09:50 +0100
Processing by Rails::WelcomeController#index as HTML
  Rendered /Users/joel/.rvm/gems/ruby-2.1.2/gems/railties-4.1.4/lib/rails/templates/rails/welcome/index.html.erb (0.0ms)
Completed 200 OK in 1ms (Views: 1.0ms | ActiveRecord: 0.0ms)


Started GET "/" for 178.62.27.130 at 2014-08-03 07:09:51 +0100
Processing by Rails::WelcomeController#index as HTML
  Rendered /Users/joel/.rvm/gems/ruby-2.1.2/gems/railties-4.1.4/lib/rails/templates/rails/welcome/index.html.erb (0.0ms)
Completed 200 OK in 1ms (Views: 0.8ms | ActiveRecord: 0.0ms)


Started GET "/" for 178.62.27.130 at 2014-08-03 07:09:52 +0100
Processing by Rails::WelcomeController#index as HTML
  Rendered /Users/joel/.rvm/gems/ruby-2.1.2/gems/railties-4.1.4/lib/rails/templates/rails/welcome/index.html.erb (0.1ms)
Completed 200 OK in 1ms (Views: 0.9ms | ActiveRecord: 0.0ms)


Started GET "/" for 178.62.27.130 at 2014-08-03 07:09:54 +0100
Processing by Rails::WelcomeController#index as HTML
  Rendered /Users/joel/.rvm/gems/ruby-2.1.2/gems/railties-4.1.4/lib/rails/templates/rails/welcome/index.html.erb (0.0ms)
Completed 200 OK in 1ms (Views: 0.8ms | ActiveRecord: 0.0ms)


Started GET "/" for 178.62.27.130 at 2014-08-03 07:09:55 +0100
Processing by Rails::WelcomeController#index as HTML
  Rendered /Users/joel/.rvm/gems/ruby-2.1.2/gems/railties-4.1.4/lib/rails/templates/rails/welcome/index.html.erb (0.1ms)
Completed 200 OK in 1ms (Views: 0.9ms | ActiveRecord: 0.0ms)


Started GET "/" for 178.62.27.130 at 2014-08-03 07:09:55 +0100
Processing by Rails::WelcomeController#index as HTML
  Rendered /Users/joel/.rvm/gems/ruby-2.1.2/gems/railties-4.1.4/lib/rails/templates/rails/welcome/index.html.erb (0.0ms)
Completed 200 OK in 1ms (Views: 0.8ms | ActiveRecord: 0.0ms)


Started GET "/" for 178.62.27.130 at 2014-08-03 07:09:56 +0100
Processing by Rails::WelcomeController#index as HTML
  Rendered /Users/joel/.rvm/gems/ruby-2.1.2/gems/railties-4.1.4/lib/rails/templates/rails/welcome/index.html.erb (0.1ms)
Completed 200 OK in 1ms (Views: 0.8ms | ActiveRecord: 0.0ms)


Started GET "/" for 178.62.27.130 at 2014-08-03 07:09:56 +0100
Processing by Rails::WelcomeController#index as HTML
  Rendered /Users/joel/.rvm/gems/ruby-2.1.2/gems/railties-4.1.4/lib/rails/templates/rails/welcome/index.html.erb (0.0ms)
Completed 200 OK in 1ms (Views: 0.9ms | ActiveRecord: 0.0ms)


Started GET "/" for 178.62.27.130 at 2014-08-03 07:09:56 +0100
Processing by Rails::WelcomeController#index as HTML
  Rendered /Users/joel/.rvm/gems/ruby-2.1.2/gems/railties-4.1.4/lib/rails/templates/rails/welcome/index.html.erb (0.1ms)
Completed 200 OK in 1ms (Views: 0.9ms | ActiveRecord: 0.0ms)


Started GET "/" for 178.62.27.130 at 2014-08-03 07:09:57 +0100
Processing by Rails::WelcomeController#index as HTML
  Rendered /Users/joel/.rvm/gems/ruby-2.1.2/gems/railties-4.1.4/lib/rails/templates/rails/welcome/index.html.erb (0.0ms)
Completed 200 OK in 1ms (Views: 0.8ms | ActiveRecord: 0.0ms)


Started GET "/" for 178.62.27.130 at 2014-08-03 07:09:57 +0100
Processing by Rails::WelcomeController#index as HTML
  Rendered /Users/joel/.rvm/gems/ruby-2.1.2/gems/railties-4.1.4/lib/rails/templates/rails/welcome/index.html.erb (0.0ms)
Completed 200 OK in 1ms (Views: 0.9ms | ActiveRecord: 0.0ms)


Started GET "/" for 178.62.27.130 at 2014-08-03 07:10:48 +0100
Processing by Rails::WelcomeController#index as */*
  Rendered /Users/joel/.rvm/gems/ruby-2.1.2/gems/railties-4.1.4/lib/rails/templates/rails/welcome/index.html.erb (0.7ms)
Completed 200 OK in 5ms (Views: 4.7ms | ActiveRecord: 0.0ms)


Started GET "/" for 178.62.27.130 at 2014-08-03 07:12:55 +0100
Processing by Rails::WelcomeController#index as HTML
  Rendered /Users/joel/.rvm/gems/ruby-2.1.2/gems/railties-4.1.4/lib/rails/templates/rails/welcome/index.html.erb (0.1ms)
Completed 200 OK in 1ms (Views: 0.9ms | ActiveRecord: 0.0ms)


Started GET "/" for 127.0.0.1 at 2014-08-03 08:27:51 +0100
Processing by Rails::WelcomeController#index as HTML
  Rendered /Users/joel/.rvm/gems/ruby-2.1.2/gems/railties-4.1.4/lib/rails/templates/rails/welcome/index.html.erb (2.3ms)
Completed 200 OK in 19ms (Views: 10.0ms | ActiveRecord: 0.0ms)


Started GET "/" for 127.0.0.1 at 2014-08-03 08:32:59 +0100
Processing by Rails::WelcomeController#index as HTML
  Rendered /Users/joel/.rvm/gems/ruby-2.1.2/gems/railties-4.1.4/lib/rails/templates/rails/welcome/index.html.erb (0.5ms)
Completed 200 OK in 3ms (Views: 1.8ms | ActiveRecord: 0.0ms)
